{"C:\\Users\\Donte\\Documents\\WeatherAppRepo\\WeatherApp\\spec\\indexSpec.js":{"path":"C:\\Users\\Donte\\Documents\\WeatherAppRepo\\WeatherApp\\spec\\indexSpec.js","s":{"1":1,"2":1,"3":1,"4":1,"5":1,"6":1,"7":0,"8":0,"9":0,"10":0,"11":0,"12":0,"13":0,"14":0,"15":0,"16":0},"b":{},"f":{"1":0,"2":0,"3":0,"4":0},"fnMap":{"1":{"name":"(anonymous_1)","line":9,"loc":{"start":{"line":9,"column":24},"end":{"line":9,"column":35}}},"2":{"name":"(anonymous_2)","line":15,"loc":{"start":{"line":15,"column":27},"end":{"line":15,"column":38}}},"3":{"name":"(anonymous_3)","line":25,"loc":{"start":{"line":25,"column":34},"end":{"line":25,"column":45}}},"4":{"name":"(anonymous_4)","line":26,"loc":{"start":{"line":26,"column":32},"end":{"line":26,"column":43}}}},"statementMap":{"1":{"start":{"line":3,"column":0},"end":{"line":3,"column":50}},"2":{"start":{"line":4,"column":0},"end":{"line":4,"column":23}},"3":{"start":{"line":5,"column":0},"end":{"line":5,"column":33}},"4":{"start":{"line":6,"column":0},"end":{"line":6,"column":50}},"5":{"start":{"line":7,"column":0},"end":{"line":7,"column":33}},"6":{"start":{"line":9,"column":0},"end":{"line":31,"column":3}},"7":{"start":{"line":11,"column":4},"end":{"line":11,"column":26}},"8":{"start":{"line":12,"column":4},"end":{"line":12,"column":129}},"9":{"start":{"line":15,"column":4},"end":{"line":22,"column":7}},"10":{"start":{"line":17,"column":8},"end":{"line":17,"column":42}},"11":{"start":{"line":18,"column":8},"end":{"line":18,"column":44}},"12":{"start":{"line":20,"column":8},"end":{"line":20,"column":61}},"13":{"start":{"line":21,"column":8},"end":{"line":21,"column":59}},"14":{"start":{"line":25,"column":4},"end":{"line":29,"column":7}},"15":{"start":{"line":26,"column":8},"end":{"line":28,"column":11}},"16":{"start":{"line":27,"column":12},"end":{"line":27,"column":50}}},"branchMap":{}},"C:\\Users\\Donte\\Documents\\WeatherAppRepo\\WeatherApp\\public\\js\\index.js":{"path":"C:\\Users\\Donte\\Documents\\WeatherAppRepo\\WeatherApp\\public\\js\\index.js","s":{"1":1,"2":1,"3":1,"4":1,"5":0,"6":0,"7":0,"8":0,"9":0,"10":0,"11":0,"12":0,"13":0,"14":0,"15":0,"16":0,"17":0,"18":0,"19":0,"20":0,"21":0,"22":0,"23":1,"24":0,"25":0,"26":0,"27":0,"28":0,"29":0,"30":0,"31":0,"32":0,"33":0,"34":0,"35":0,"36":0},"b":{"1":[0,0],"2":[0,0],"3":[0,0],"4":[0,0]},"f":{"1":0,"2":0},"fnMap":{"1":{"name":"getWeatherData","line":11,"loc":{"start":{"line":11,"column":0},"end":{"line":11,"column":33}}},"2":{"name":"showWeather","line":45,"loc":{"start":{"line":45,"column":0},"end":{"line":45,"column":59}}}},"statementMap":{"1":{"start":{"line":3,"column":0},"end":{"line":3,"column":62}},"2":{"start":{"line":4,"column":0},"end":{"line":4,"column":27}},"3":{"start":{"line":6,"column":0},"end":{"line":9,"column":1}},"4":{"start":{"line":11,"column":0},"end":{"line":43,"column":1}},"5":{"start":{"line":13,"column":4},"end":{"line":13,"column":50}},"6":{"start":{"line":14,"column":4},"end":{"line":14,"column":46}},"7":{"start":{"line":15,"column":4},"end":{"line":15,"column":133}},"8":{"start":{"line":16,"column":4},"end":{"line":16,"column":60}},"9":{"start":{"line":17,"column":4},"end":{"line":17,"column":28}},"10":{"start":{"line":18,"column":4},"end":{"line":18,"column":24}},"11":{"start":{"line":20,"column":4},"end":{"line":40,"column":5}},"12":{"start":{"line":21,"column":8},"end":{"line":21,"column":47}},"13":{"start":{"line":22,"column":8},"end":{"line":22,"column":21}},"14":{"start":{"line":26,"column":8},"end":{"line":26,"column":62}},"15":{"start":{"line":27,"column":8},"end":{"line":27,"column":34}},"16":{"start":{"line":29,"column":8},"end":{"line":31,"column":9}},"17":{"start":{"line":30,"column":12},"end":{"line":30,"column":78}},"18":{"start":{"line":34,"column":8},"end":{"line":34,"column":54}},"19":{"start":{"line":35,"column":8},"end":{"line":35,"column":30}},"20":{"start":{"line":37,"column":8},"end":{"line":39,"column":9}},"21":{"start":{"line":38,"column":12},"end":{"line":38,"column":70}},"22":{"start":{"line":42,"column":4},"end":{"line":42,"column":59}},"23":{"start":{"line":45,"column":0},"end":{"line":65,"column":1}},"24":{"start":{"line":46,"column":4},"end":{"line":46,"column":36}},"25":{"start":{"line":47,"column":4},"end":{"line":47,"column":42}},"26":{"start":{"line":48,"column":4},"end":{"line":48,"column":38}},"27":{"start":{"line":49,"column":4},"end":{"line":49,"column":36}},"28":{"start":{"line":50,"column":4},"end":{"line":50,"column":28}},"29":{"start":{"line":51,"column":4},"end":{"line":51,"column":40}},"30":{"start":{"line":53,"column":4},"end":{"line":53,"column":40}},"31":{"start":{"line":56,"column":4},"end":{"line":56,"column":75}},"32":{"start":{"line":59,"column":4},"end":{"line":59,"column":122}},"33":{"start":{"line":60,"column":4},"end":{"line":60,"column":37}},"34":{"start":{"line":61,"column":4},"end":{"line":61,"column":76}},"35":{"start":{"line":62,"column":4},"end":{"line":62,"column":76}},"36":{"start":{"line":63,"column":4},"end":{"line":63,"column":67}}},"branchMap":{"1":{"line":20,"type":"if","locations":[{"start":{"line":20,"column":4},"end":{"line":20,"column":4}},{"start":{"line":20,"column":4},"end":{"line":20,"column":4}}]},"2":{"line":20,"type":"binary-expr","locations":[{"start":{"line":20,"column":7},"end":{"line":20,"column":21}},{"start":{"line":20,"column":25},"end":{"line":20,"column":44}}]},"3":{"line":29,"type":"if","locations":[{"start":{"line":29,"column":8},"end":{"line":29,"column":8}},{"start":{"line":29,"column":8},"end":{"line":29,"column":8}}]},"4":{"line":37,"type":"if","locations":[{"start":{"line":37,"column":8},"end":{"line":37,"column":8}},{"start":{"line":37,"column":8},"end":{"line":37,"column":8}}]}}}}