TN:
SF:C:\Users\Donte\Documents\WeatherAppRepo\WeatherApp\spec\indexSpec.js
FN:9,(anonymous_1)
FN:15,(anonymous_2)
FN:25,(anonymous_3)
FN:26,(anonymous_4)
FNF:4
FNH:0
FNDA:0,(anonymous_1)
FNDA:0,(anonymous_2)
FNDA:0,(anonymous_3)
FNDA:0,(anonymous_4)
DA:3,1
DA:4,1
DA:5,1
DA:6,1
DA:7,1
DA:9,1
DA:11,0
DA:12,0
DA:15,0
DA:17,0
DA:18,0
DA:20,0
DA:21,0
DA:25,0
DA:26,0
DA:27,0
LF:16
LH:6
BRF:0
BRH:0
end_of_record
TN:
SF:C:\Users\Donte\Documents\WeatherAppRepo\WeatherApp\public\js\index.js
FN:11,getWeatherData
FN:45,showWeather
FNF:2
FNH:0
FNDA:0,getWeatherData
FNDA:0,showWeather
DA:3,1
DA:4,1
DA:6,1
DA:11,1
DA:13,0
DA:14,0
DA:15,0
DA:16,0
DA:17,0
DA:18,0
DA:20,0
DA:21,0
DA:22,0
DA:26,0
DA:27,0
DA:29,0
DA:30,0
DA:34,0
DA:35,0
DA:37,0
DA:38,0
DA:42,0
DA:45,1
DA:46,0
DA:47,0
DA:48,0
DA:49,0
DA:50,0
DA:51,0
DA:53,0
DA:56,0
DA:59,0
DA:60,0
DA:61,0
DA:62,0
DA:63,0
LF:36
LH:5
BRDA:20,1,0,0
BRDA:20,1,1,0
BRDA:20,2,0,0
BRDA:20,2,1,0
BRDA:29,3,0,0
BRDA:29,3,1,0
BRDA:37,4,0,0
BRDA:37,4,1,0
BRF:8
BRH:0
end_of_record
